<?xml version="1.0" encoding="UTF-8"?>
<testsuite xmlns:xsi="http://www.w3.org/2001/XMLSchema-instance" xsi:noNamespaceSchemaLocation="https://maven.apache.org/surefire/maven-surefire-plugin/xsd/surefire-test-report.xsd" name="hellocucumber.failed.RunCucumberTest" time="1.181" tests="4" errors="2" skipped="0" failures="2">
  <properties>
    <property name="sun.desktop" value="windows"/>
    <property name="awt.toolkit" value="sun.awt.windows.WToolkit"/>
    <property name="java.specification.version" value="11"/>
    <property name="sun.cpu.isalist" value="amd64"/>
    <property name="sun.jnu.encoding" value="Cp1252"/>
    <property name="java.class.path" value="C:\github\hellocucumber\target\test-classes;C:\github\hellocucumber\target\classes;C:\m2\io\cucumber\cucumber-java\6.10.4\cucumber-java-6.10.4.jar;C:\m2\io\cucumber\cucumber-core\6.10.4\cucumber-core-6.10.4.jar;C:\m2\io\cucumber\cucumber-gherkin\6.10.4\cucumber-gherkin-6.10.4.jar;C:\m2\io\cucumber\cucumber-gherkin-messages\6.10.4\cucumber-gherkin-messages-6.10.4.jar;C:\m2\io\cucumber\messages\15.0.0\messages-15.0.0.jar;C:\m2\io\cucumber\tag-expressions\3.0.1\tag-expressions-3.0.1.jar;C:\m2\io\cucumber\cucumber-expressions\10.3.0\cucumber-expressions-10.3.0.jar;C:\m2\io\cucumber\datatable\3.5.0\datatable-3.5.0.jar;C:\m2\io\cucumber\cucumber-plugin\6.10.4\cucumber-plugin-6.10.4.jar;C:\m2\io\cucumber\docstring\6.10.4\docstring-6.10.4.jar;C:\m2\io\cucumber\html-formatter\13.0.0\html-formatter-13.0.0.jar;C:\m2\io\cucumber\create-meta\4.0.0\create-meta-4.0.0.jar;C:\m2\org\apiguardian\apiguardian-api\1.1.1\apiguardian-api-1.1.1.jar;C:\m2\io\cucumber\cucumber-junit\6.10.4\cucumber-junit-6.10.4.jar;C:\m2\junit\junit\4.13.2\junit-4.13.2.jar;C:\m2\org\hamcrest\hamcrest-core\1.3\hamcrest-core-1.3.jar;"/>
    <property name="java.vm.vendor" value="AdoptOpenJDK"/>
    <property name="sun.arch.data.model" value="64"/>
    <property name="user.variant" value=""/>
    <property name="java.vendor.url" value="https://adoptopenjdk.net/"/>
    <property name="user.timezone" value="Asia/Shanghai"/>
    <property name="java.vm.specification.version" value="11"/>
    <property name="os.name" value="Windows 10"/>
    <property name="sun.java.launcher" value="SUN_STANDARD"/>
    <property name="user.country" value="US"/>
    <property name="sun.boot.library.path" value="C:\jdk-11.0.11\bin"/>
    <property name="sun.java.command" value="C:\Users\Jack\AppData\Local\Temp\surefire173504888594340691\surefirebooter5324752386484694397.jar C:\Users\Jack\AppData\Local\Temp\surefire173504888594340691 2021-10-26T15-52-16_863-jvmRun1 surefire9511676580998900239tmp surefire_010942394875613352975tmp"/>
    <property name="jdk.debug" value="release"/>
    <property name="surefire.test.class.path" value="C:\github\hellocucumber\target\test-classes;C:\github\hellocucumber\target\classes;C:\m2\io\cucumber\cucumber-java\6.10.4\cucumber-java-6.10.4.jar;C:\m2\io\cucumber\cucumber-core\6.10.4\cucumber-core-6.10.4.jar;C:\m2\io\cucumber\cucumber-gherkin\6.10.4\cucumber-gherkin-6.10.4.jar;C:\m2\io\cucumber\cucumber-gherkin-messages\6.10.4\cucumber-gherkin-messages-6.10.4.jar;C:\m2\io\cucumber\messages\15.0.0\messages-15.0.0.jar;C:\m2\io\cucumber\tag-expressions\3.0.1\tag-expressions-3.0.1.jar;C:\m2\io\cucumber\cucumber-expressions\10.3.0\cucumber-expressions-10.3.0.jar;C:\m2\io\cucumber\datatable\3.5.0\datatable-3.5.0.jar;C:\m2\io\cucumber\cucumber-plugin\6.10.4\cucumber-plugin-6.10.4.jar;C:\m2\io\cucumber\docstring\6.10.4\docstring-6.10.4.jar;C:\m2\io\cucumber\html-formatter\13.0.0\html-formatter-13.0.0.jar;C:\m2\io\cucumber\create-meta\4.0.0\create-meta-4.0.0.jar;C:\m2\org\apiguardian\apiguardian-api\1.1.1\apiguardian-api-1.1.1.jar;C:\m2\io\cucumber\cucumber-junit\6.10.4\cucumber-junit-6.10.4.jar;C:\m2\junit\junit\4.13.2\junit-4.13.2.jar;C:\m2\org\hamcrest\hamcrest-core\1.3\hamcrest-core-1.3.jar;"/>
    <property name="sun.cpu.endian" value="little"/>
    <property name="user.home" value="C:\Users\Jack"/>
    <property name="user.language" value="en"/>
    <property name="java.specification.vendor" value="Oracle Corporation"/>
    <property name="java.version.date" value="2021-04-20"/>
    <property name="java.home" value="C:\jdk-11.0.11"/>
    <property name="file.separator" value="\"/>
    <property name="basedir" value="C:\github\hellocucumber"/>
    <property name="java.vm.compressedOopsMode" value="Zero based"/>
    <property name="line.separator" value="&#10;"/>
    <property name="java.specification.name" value="Java Platform API Specification"/>
    <property name="java.vm.specification.vendor" value="Oracle Corporation"/>
    <property name="java.awt.graphicsenv" value="sun.awt.Win32GraphicsEnvironment"/>
    <property name="surefire.real.class.path" value="C:\Users\Jack\AppData\Local\Temp\surefire173504888594340691\surefirebooter5324752386484694397.jar"/>
    <property name="user.script" value=""/>
    <property name="sun.management.compiler" value="HotSpot 64-Bit Tiered Compilers"/>
    <property name="java.runtime.version" value="11.0.11+9"/>
    <property name="user.name" value="Jack"/>
    <property name="path.separator" value=";"/>
    <property name="os.version" value="10.0"/>
    <property name="java.runtime.name" value="OpenJDK Runtime Environment"/>
    <property name="file.encoding" value="Cp1252"/>
    <property name="java.vm.name" value="OpenJDK 64-Bit Server VM"/>
    <property name="java.vendor.version" value="AdoptOpenJDK-11.0.11+9"/>
    <property name="localRepository" value="C:\m2"/>
    <property name="java.vendor.url.bug" value="https://github.com/AdoptOpenJDK/openjdk-support/issues"/>
    <property name="java.io.tmpdir" value="C:\Users\Jack\AppData\Local\Temp\"/>
    <property name="java.version" value="11.0.11"/>
    <property name="user.dir" value="C:\github\hellocucumber"/>
    <property name="os.arch" value="amd64"/>
    <property name="java.vm.specification.name" value="Java Virtual Machine Specification"/>
    <property name="java.awt.printerjob" value="sun.awt.windows.WPrinterJob"/>
    <property name="sun.os.patch.level" value=""/>
    <property name="java.library.path" value="C:\jdk-11.0.11\bin;C:\WINDOWS\Sun\Java\bin;C:\WINDOWS\system32;C:\WINDOWS;C:\PortableGit\mingw64\bin;C:\PortableGit\usr\bin;C:\Users\Jack\bin;C:\WINDOWS\system32;C:\WINDOWS;C:\WINDOWS\System32\Wbem;C:\WINDOWS\System32\WindowsPowerShell\v1.0;C:\apache-maven-3.6.3\bin;C:\PortableGit\usr\bin;C:\node-win-x64;C:\Program Files (x86)\Microsoft Emulator Manager\1.0;C:\jdk-11.0.11\bin;C:\WINDOWS\System32\OpenSSH;C:\Users\Jack\AppData\Local\Microsoft\WindowsApps;C:\Users\Jack\AppData\Local\Yarn\bin;C:\Users\Jack\AppData\Local\Programs\Microsoft VS Code\bin;C:\Program Files\Sublime Text 3;C:\Users\Jack\.deno\bin;%USERPROFILE%\AppData\Local\Microsoft\WindowsApps;."/>
    <property name="java.vm.info" value="mixed mode"/>
    <property name="java.vendor" value="AdoptOpenJDK"/>
    <property name="java.vm.version" value="11.0.11+9"/>
    <property name="sun.io.unicode.encoding" value="UnicodeLittle"/>
    <property name="java.class.version" value="55.0"/>
  </properties>
  <testcase name="Some determinable business situation" classname="Some terse yet descriptive text of what is desired like bla bla" time="0.141">
    <failure type="java.lang.AssertionError">java.lang.AssertionError
</failure>
    <system-out><![CDATA[
@billing @bicker @annoy @Quick @full @annoy
Scenario: Some determinable business situation &amp#27;[90m# src/test/resources/hellocucumber/robustgherkin.feature:13&amp#27;[0m
  &amp#27;[32mGiven &amp#27;[0m&amp#27;[32ma global administrator named &amp#27;[0m&amp#27;[32m&amp#27;[1m"Greg"&amp#27;[0m    &amp#27;[90m# hellocucumber.failed.StepDefinitions.a_global_administrator_named(java.lang.String)&amp#27;[0m
  &amp#27;[32m* &amp#27;[0m&amp#27;[32ma blog named &amp#27;[0m&amp#27;[32m&amp#27;[1m"Greg's anti-tax rants"&amp#27;[0m       &amp#27;[90m# hellocucumber.failed.StepDefinitions.a_blog_named(java.lang.String)&amp#27;[0m
  &amp#27;[32m* &amp#27;[0m&amp#27;[32ma customer named &amp#27;[0m&amp#27;[32m&amp#27;[1m"Wilson"&amp#27;[0m                  &amp#27;[90m# hellocucumber.failed.StepDefinitions.a_customer_named(java.lang.String)&amp#27;[0m
abcd123
  &amp#27;[31mGiven &amp#27;[0m&amp#27;[31mthe following people exist:&amp#27;[0m            &amp#27;[90m# hellocucumber.failed.StepDefinitions.the_following_people_exist(io.cucumber.datatable.DataTable)&amp#27;[0m
      &amp#27;[31mjava.lang.AssertionError
	at org.junit.Assert.fail(Assert.java:87)
	at org.junit.Assert.assertTrue(Assert.java:42)
	at org.junit.Assert.assertTrue(Assert.java:53)
	at hellocucumber.failed.StepDefinitions.the_following_people_exist(StepDefinitions.java:13)
	at âœ½.the following people exist:(file:///C:/junit2octane/src/test/resources/features/robustgherkin.feature::14)
&amp#27;[0m
  &amp#27;[36mAnd &amp#27;[0m&amp#27;[36msome precondition &amp#27;[0m&amp#27;[36m&amp#27;[1m1&amp#27;[0m                      &amp#27;[90m# hellocucumber.failed.StepDefinitions.some_precondition(java.lang.Integer)&amp#27;[0m
  &amp#27;[36mWhen &amp#27;[0m&amp#27;[36msome action by the actor&amp#27;[0m                &amp#27;[90m# hellocucumber.failed.StepDefinitions.some_action_by_the_actor()&amp#27;[0m
  &amp#27;[36mAnd &amp#27;[0m&amp#27;[36msome other action&amp#27;[0m                        &amp#27;[90m# hellocucumber.failed.StepDefinitions.some_other_action()&amp#27;[0m
  &amp#27;[36mThen &amp#27;[0m&amp#27;[36msome testable outcome is achieved&amp#27;[0m       &amp#27;[90m# hellocucumber.failed.StepDefinitions.some_testable_outcome_is_achieved()&amp#27;[0m
  &amp#27;[36mAnd &amp#27;[0m&amp#27;[36msomething else we can check happens too&amp#27;[0m  &amp#27;[90m# hellocucumber.failed.StepDefinitions.something_else_we_can_check_happens_too()&amp#27;[0m
]]></system-out>
  </testcase>
  <testcase name="Some another scenario 2" classname="Some terse yet descriptive text of what is desired like bla bla" time="0.068">
    <error message="error" type="java.lang.Exception">java.lang.Exception: error
</error>
    <system-out><![CDATA[
@billing @bicker @annoy @Quick @nightly
Scenario: Some another scenario 2             &amp#27;[90m# src/test/resources/hellocucumber/robustgherkin.feature:28&amp#27;[0m
  &amp#27;[32mGiven &amp#27;[0m&amp#27;[32ma global administrator named &amp#27;[0m&amp#27;[32m&amp#27;[1m"Greg"&amp#27;[0m   &amp#27;[90m# hellocucumber.failed.StepDefinitions.a_global_administrator_named(java.lang.String)&amp#27;[0m
  &amp#27;[32m* &amp#27;[0m&amp#27;[32ma blog named &amp#27;[0m&amp#27;[32m&amp#27;[1m"Greg's anti-tax rants"&amp#27;[0m      &amp#27;[90m# hellocucumber.failed.StepDefinitions.a_blog_named(java.lang.String)&amp#27;[0m
  &amp#27;[32m* &amp#27;[0m&amp#27;[32ma customer named &amp#27;[0m&amp#27;[32m&amp#27;[1m"Wilson"&amp#27;[0m                 &amp#27;[90m# hellocucumber.failed.StepDefinitions.a_customer_named(java.lang.String)&amp#27;[0m
  &amp#27;[31mGiven &amp#27;[0m&amp#27;[31msome precondition&amp#27;[0m                     &amp#27;[90m# hellocucumber.failed.StepDefinitions.some_precondition()&amp#27;[0m
      &amp#27;[31mjava.lang.Exception: error
	at hellocucumber.failed.StepDefinitions.some_precondition(StepDefinitions.java:23)
	at âœ½.some precondition(file:///C:/junit2octane/src/test/resources/features/robustgherkin.feature:30)
&amp#27;[0m
  &amp#27;[36mAnd &amp#27;[0m&amp#27;[36msome other precondition with doc string&amp#27;[0m &amp#27;[90m# hellocucumber.failed.StepDefinitions.some_other_precondition_with_doc_string(java.lang.String)&amp#27;[0m
  &amp#27;[36mWhen &amp#27;[0m&amp#27;[36msome action by the actor&amp#27;[0m               &amp#27;[90m# hellocucumber.failed.StepDefinitions.some_action_by_the_actor()&amp#27;[0m
  &amp#27;[36mAnd &amp#27;[0m&amp#27;[36myet another action&amp#27;[0m                      &amp#27;[90m# hellocucumber.failed.StepDefinitions.yet_another_action()&amp#27;[0m
  &amp#27;[36mThen &amp#27;[0m&amp#27;[36msome testable outcome is achieved&amp#27;[0m      &amp#27;[90m# hellocucumber.failed.StepDefinitions.some_testable_outcome_is_achieved()&amp#27;[0m
  &amp#27;[36m* &amp#27;[0m&amp#27;[36msomething else we can check happens too&amp#27;[0m   &amp#27;[90m# hellocucumber.failed.StepDefinitions.something_else_we_can_check_happens_too()&amp#27;[0m
  &amp#27;[36mBut &amp#27;[0m&amp#27;[36mI don't see something else&amp#27;[0m              &amp#27;[90m# hellocucumber.failed.StepDefinitions.i_don_t_see_something_else()&amp#27;[0m
]]></system-out>
  </testcase>
  <testcase name="feeding a cow cow1 yum yum yum" classname="Some terse yet descriptive text of what is desired like bla bla" time="0.054">
    <failure type="java.lang.AssertionError">java.lang.AssertionError
</failure>
    <system-out><![CDATA[
@billing @bicker @annoy
Scenario Outline: feeding a cow cow1 yum yum yum &amp#27;[90m# src/test/resources/hellocucumber/robustgherkin.feature:57&amp#27;[0m
  &amp#27;[32mGiven &amp#27;[0m&amp#27;[32ma global administrator named &amp#27;[0m&amp#27;[32m&amp#27;[1m"Greg"&amp#27;[0m      &amp#27;[90m# hellocucumber.failed.StepDefinitions.a_global_administrator_named(java.lang.String)&amp#27;[0m
  &amp#27;[32m* &amp#27;[0m&amp#27;[32ma blog named &amp#27;[0m&amp#27;[32m&amp#27;[1m"Greg's anti-tax rants"&amp#27;[0m         &amp#27;[90m# hellocucumber.failed.StepDefinitions.a_blog_named(java.lang.String)&amp#27;[0m
  &amp#27;[32m* &amp#27;[0m&amp#27;[32ma customer named &amp#27;[0m&amp#27;[32m&amp#27;[1m"Wilson"&amp#27;[0m                    &amp#27;[90m# hellocucumber.failed.StepDefinitions.a_customer_named(java.lang.String)&amp#27;[0m
  &amp#27;[32mGiven &amp#27;[0m&amp#27;[32mthe cow weighs &amp#27;[0m&amp#27;[32m&amp#27;[1m450&amp#27;[0m&amp#27;[32m kg&amp#27;[0m                    &amp#27;[90m# hellocucumber.failed.StepDefinitions.the_cow_weighs_kg(java.lang.Integer)&amp#27;[0m
  &amp#27;[31mWhen &amp#27;[0m&amp#27;[31mwe calculate the feeding requirements&amp#27;[0m     &amp#27;[90m# hellocucumber.failed.StepDefinitions.we_calculate_the_feeding_requirements()&amp#27;[0m
      &amp#27;[31mjava.lang.AssertionError
	at org.junit.Assert.fail(Assert.java:87)
	at org.junit.Assert.assertTrue(Assert.java:42)
	at org.junit.Assert.assertTrue(Assert.java:53)
	at hellocucumber.failed.StepDefinitions.we_calculate_the_feeding_requirements(StepDefinitions.java:61)
	at âœ½.we calculate the feeding requirements(file:///C:/junit2octane/src/test/resources/features/robustgherkin.feature:52)
&amp#27;[0m
  &amp#27;[36mThen &amp#27;[0m&amp#27;[36mthe energy should be &amp#27;[0m&amp#27;[36m&amp#27;[1m26500&amp#27;[0m&amp#27;[36m MJ&amp#27;[0m             &amp#27;[90m# hellocucumber.failed.StepDefinitions.the_energy_should_be_mj(java.lang.Integer)&amp#27;[0m
]]></system-out>
  </testcase>
  <testcase name="feeding a cow cow2 yum yum yum" classname="Some terse yet descriptive text of what is desired like bla bla" time="0.055">
    <error message="error when weight 500" type="java.lang.RuntimeException">java.lang.RuntimeException: error when weight 500
</error>
    <system-out><![CDATA[
@billing @bicker @annoy
Scenario Outline: feeding a cow cow2 yum yum yum &amp#27;[90m# src/test/resources/hellocucumber/robustgherkin.feature:58&amp#27;[0m
  &amp#27;[32mGiven &amp#27;[0m&amp#27;[32ma global administrator named &amp#27;[0m&amp#27;[32m&amp#27;[1m"Greg"&amp#27;[0m      &amp#27;[90m# hellocucumber.failed.StepDefinitions.a_global_administrator_named(java.lang.String)&amp#27;[0m
  &amp#27;[32m* &amp#27;[0m&amp#27;[32ma blog named &amp#27;[0m&amp#27;[32m&amp#27;[1m"Greg's anti-tax rants"&amp#27;[0m         &amp#27;[90m# hellocucumber.failed.StepDefinitions.a_blog_named(java.lang.String)&amp#27;[0m
  &amp#27;[32m* &amp#27;[0m&amp#27;[32ma customer named &amp#27;[0m&amp#27;[32m&amp#27;[1m"Wilson"&amp#27;[0m                    &amp#27;[90m# hellocucumber.failed.StepDefinitions.a_customer_named(java.lang.String)&amp#27;[0m
  &amp#27;[31mGiven &amp#27;[0m&amp#27;[31mthe cow weighs &amp#27;[0m&amp#27;[31m&amp#27;[1m500&amp#27;[0m&amp#27;[31m kg&amp#27;[0m                    &amp#27;[90m# hellocucumber.failed.StepDefinitions.the_cow_weighs_kg(java.lang.Integer)&amp#27;[0m
      &amp#27;[31mjava.lang.RuntimeException: error when weight 500
	at hellocucumber.failed.StepDefinitions.the_cow_weighs_kg(StepDefinitions.java:56)
	at âœ½.the cow weighs 500 kg(file:///C:/junit2octane/src/test/resources/features/robustgherkin.feature:51)
&amp#27;[0m
  &amp#27;[36mWhen &amp#27;[0m&amp#27;[36mwe calculate the feeding requirements&amp#27;[0m     &amp#27;[90m# hellocucumber.failed.StepDefinitions.we_calculate_the_feeding_requirements()&amp#27;[0m
  &amp#27;[36mThen &amp#27;[0m&amp#27;[36mthe energy should be &amp#27;[0m&amp#27;[36m&amp#27;[1m29500&amp#27;[0m&amp#27;[36m MJ&amp#27;[0m             &amp#27;[90m# hellocucumber.failed.StepDefinitions.the_energy_should_be_mj(java.lang.Integer)&amp#27;[0m
]]></system-out>
  </testcase>
</testsuite>