<?xml version="1.0" encoding="UTF-8"?>
<testsuite xmlns:xsi="http://www.w3.org/2001/XMLSchema-instance" xsi:noNamespaceSchemaLocation="https://maven.apache.org/surefire/maven-surefire-plugin/xsd/surefire-test-report.xsd" name="hellocucumber.failed.RunCucumberTest" time="1.181" tests="4" errors="2" skipped="0" failures="2">
  <properties>
[...]
</properties>
  <testcase name="Some determinable business situation" classname="Some terse yet descriptive text of what is desired like bla bla" time="0.141">
    <failure type="java.lang.AssertionError">java.lang.AssertionError
</failure>
    <system-out><![CDATA[
@billing @bicker @annoy @Quick @full @annoy
Scenario: Some determinable business situation &amp#27;[90m# src/test/resources/hellocucumber/robustgherkin.feature:13&amp#27;[0m
  &amp#27;[32mGiven &amp#27;[0m&amp#27;[32ma global administrator named &amp#27;[0m&amp#27;[32m&amp#27;[1m"Greg"&amp#27;[0m    &amp#27;[90m# hellocucumber.failed.StepDefinitions.a_global_administrator_named(java.lang.String)&amp#27;[0m
  &amp#27;[32m* &amp#27;[0m&amp#27;[32ma blog named &amp#27;[0m&amp#27;[32m&amp#27;[1m"Greg's anti-tax rants"&amp#27;[0m       &amp#27;[90m# hellocucumber.failed.StepDefinitions.a_blog_named(java.lang.String)&amp#27;[0m
  &amp#27;[32m* &amp#27;[0m&amp#27;[32ma customer named &amp#27;[0m&amp#27;[32m&amp#27;[1m"Wilson"&amp#27;[0m                  &amp#27;[90m# hellocucumber.failed.StepDefinitions.a_customer_named(java.lang.String)&amp#27;[0m
abcd123
  &amp#27;[31mGiven &amp#27;[0m&amp#27;[31mthe following people exist:&amp#27;[0m            &amp#27;[90m# hellocucumber.failed.StepDefinitions.the_following_people_exist(io.cucumber.datatable.DataTable)&amp#27;[0m
      &amp#27;[31mjava.lang.AssertionError
	at org.junit.Assert.fail(Assert.java:87)
	at org.junit.Assert.assertTrue(Assert.java:42)
	at org.junit.Assert.assertTrue(Assert.java:53)
	at hellocucumber.failed.StepDefinitions.the_following_people_exist(StepDefinitions.java:13)
	at âœ½.the following people exist:(file:///C:/junit2octane/src/test/resources/features/robustgherkin.feature::14)
&amp#27;[0m
  &amp#27;[36mAnd &amp#27;[0m&amp#27;[36msome precondition &amp#27;[0m&amp#27;[36m&amp#27;[1m1&amp#27;[0m                      &amp#27;[90m# hellocucumber.failed.StepDefinitions.some_precondition(java.lang.Integer)&amp#27;[0m
  &amp#27;[36mWhen &amp#27;[0m&amp#27;[36msome action by the actor&amp#27;[0m                &amp#27;[90m# hellocucumber.failed.StepDefinitions.some_action_by_the_actor()&amp#27;[0m
  &amp#27;[36mAnd &amp#27;[0m&amp#27;[36msome other action&amp#27;[0m                        &amp#27;[90m# hellocucumber.failed.StepDefinitions.some_other_action()&amp#27;[0m
  &amp#27;[36mThen &amp#27;[0m&amp#27;[36msome testable outcome is achieved&amp#27;[0m       &amp#27;[90m# hellocucumber.failed.StepDefinitions.some_testable_outcome_is_achieved()&amp#27;[0m
  &amp#27;[36mAnd &amp#27;[0m&amp#27;[36msomething else we can check happens too&amp#27;[0m  &amp#27;[90m# hellocucumber.failed.StepDefinitions.something_else_we_can_check_happens_too()&amp#27;[0m
]]></system-out>
  </testcase>
  <testcase name="Some another scenario 2" classname="Some terse yet descriptive text of what is desired like bla bla" time="0.068">
    <error message="error" type="java.lang.Exception">java.lang.Exception: error
</error>
    <system-out><![CDATA[
@billing @bicker @annoy @Quick @nightly
Scenario: Some another scenario 2             &amp#27;[90m# src/test/resources/hellocucumber/robustgherkin.feature:28&amp#27;[0m
  &amp#27;[32mGiven &amp#27;[0m&amp#27;[32ma global administrator named &amp#27;[0m&amp#27;[32m&amp#27;[1m"Greg"&amp#27;[0m   &amp#27;[90m# hellocucumber.failed.StepDefinitions.a_global_administrator_named(java.lang.String)&amp#27;[0m
  &amp#27;[32m* &amp#27;[0m&amp#27;[32ma blog named &amp#27;[0m&amp#27;[32m&amp#27;[1m"Greg's anti-tax rants"&amp#27;[0m      &amp#27;[90m# hellocucumber.failed.StepDefinitions.a_blog_named(java.lang.String)&amp#27;[0m
  &amp#27;[32m* &amp#27;[0m&amp#27;[32ma customer named &amp#27;[0m&amp#27;[32m&amp#27;[1m"Wilson"&amp#27;[0m                 &amp#27;[90m# hellocucumber.failed.StepDefinitions.a_customer_named(java.lang.String)&amp#27;[0m
  &amp#27;[31mGiven &amp#27;[0m&amp#27;[31msome precondition&amp#27;[0m                     &amp#27;[90m# hellocucumber.failed.StepDefinitions.some_precondition()&amp#27;[0m
      &amp#27;[31mjava.lang.Exception: error
	at hellocucumber.failed.StepDefinitions.some_precondition(StepDefinitions.java:23)
	at âœ½.some precondition(file:///C:/junit2octane/src/test/resources/features/robustgherkin.feature:30)
&amp#27;[0m
  &amp#27;[36mAnd &amp#27;[0m&amp#27;[36msome other precondition with doc string&amp#27;[0m &amp#27;[90m# hellocucumber.failed.StepDefinitions.some_other_precondition_with_doc_string(java.lang.String)&amp#27;[0m
  &amp#27;[36mWhen &amp#27;[0m&amp#27;[36msome action by the actor&amp#27;[0m               &amp#27;[90m# hellocucumber.failed.StepDefinitions.some_action_by_the_actor()&amp#27;[0m
  &amp#27;[36mAnd &amp#27;[0m&amp#27;[36myet another action&amp#27;[0m                      &amp#27;[90m# hellocucumber.failed.StepDefinitions.yet_another_action()&amp#27;[0m
  &amp#27;[36mThen &amp#27;[0m&amp#27;[36msome testable outcome is achieved&amp#27;[0m      &amp#27;[90m# hellocucumber.failed.StepDefinitions.some_testable_outcome_is_achieved()&amp#27;[0m
  &amp#27;[36m* &amp#27;[0m&amp#27;[36msomething else we can check happens too&amp#27;[0m   &amp#27;[90m# hellocucumber.failed.StepDefinitions.something_else_we_can_check_happens_too()&amp#27;[0m
  &amp#27;[36mBut &amp#27;[0m&amp#27;[36mI don't see something else&amp#27;[0m              &amp#27;[90m# hellocucumber.failed.StepDefinitions.i_don_t_see_something_else()&amp#27;[0m
]]></system-out>
  </testcase>
  <testcase name="feeding a cow cow1 yum yum yum" classname="Some terse yet descriptive text of what is desired like bla bla" time="0.054">
    <failure type="java.lang.AssertionError">java.lang.AssertionError
</failure>
    <system-out><![CDATA[
@billing @bicker @annoy
Scenario Outline: feeding a cow cow1 yum yum yum &amp#27;[90m# src/test/resources/hellocucumber/robustgherkin.feature:57&amp#27;[0m
  &amp#27;[32mGiven &amp#27;[0m&amp#27;[32ma global administrator named &amp#27;[0m&amp#27;[32m&amp#27;[1m"Greg"&amp#27;[0m      &amp#27;[90m# hellocucumber.failed.StepDefinitions.a_global_administrator_named(java.lang.String)&amp#27;[0m
  &amp#27;[32m* &amp#27;[0m&amp#27;[32ma blog named &amp#27;[0m&amp#27;[32m&amp#27;[1m"Greg's anti-tax rants"&amp#27;[0m         &amp#27;[90m# hellocucumber.failed.StepDefinitions.a_blog_named(java.lang.String)&amp#27;[0m
  &amp#27;[32m* &amp#27;[0m&amp#27;[32ma customer named &amp#27;[0m&amp#27;[32m&amp#27;[1m"Wilson"&amp#27;[0m                    &amp#27;[90m# hellocucumber.failed.StepDefinitions.a_customer_named(java.lang.String)&amp#27;[0m
  &amp#27;[32mGiven &amp#27;[0m&amp#27;[32mthe cow weighs &amp#27;[0m&amp#27;[32m&amp#27;[1m450&amp#27;[0m&amp#27;[32m kg&amp#27;[0m                    &amp#27;[90m# hellocucumber.failed.StepDefinitions.the_cow_weighs_kg(java.lang.Integer)&amp#27;[0m
  &amp#27;[31mWhen &amp#27;[0m&amp#27;[31mwe calculate the feeding requirements&amp#27;[0m     &amp#27;[90m# hellocucumber.failed.StepDefinitions.we_calculate_the_feeding_requirements()&amp#27;[0m
      &amp#27;[31mjava.lang.AssertionError
	at org.junit.Assert.fail(Assert.java:87)
	at org.junit.Assert.assertTrue(Assert.java:42)
	at org.junit.Assert.assertTrue(Assert.java:53)
	at hellocucumber.failed.StepDefinitions.we_calculate_the_feeding_requirements(StepDefinitions.java:61)
	at âœ½.we calculate the feeding requirements(file:///C:/junit2octane/src/test/resources/features/robustgherkin.feature:52)
&amp#27;[0m
  &amp#27;[36mThen &amp#27;[0m&amp#27;[36mthe energy should be &amp#27;[0m&amp#27;[36m&amp#27;[1m26500&amp#27;[0m&amp#27;[36m MJ&amp#27;[0m             &amp#27;[90m# hellocucumber.failed.StepDefinitions.the_energy_should_be_mj(java.lang.Integer)&amp#27;[0m
]]></system-out>
  </testcase>
  <testcase name="feeding a cow cow2 yum yum yum" classname="Some terse yet descriptive text of what is desired like bla bla" time="0.055">
    <error message="error when weight 500" type="java.lang.RuntimeException">java.lang.RuntimeException: error when weight 500
</error>
    <system-out><![CDATA[
@billing @bicker @annoy
Scenario Outline: feeding a cow cow2 yum yum yum &amp#27;[90m# src/test/resources/hellocucumber/robustgherkin.feature:58&amp#27;[0m
  &amp#27;[32mGiven &amp#27;[0m&amp#27;[32ma global administrator named &amp#27;[0m&amp#27;[32m&amp#27;[1m"Greg"&amp#27;[0m      &amp#27;[90m# hellocucumber.failed.StepDefinitions.a_global_administrator_named(java.lang.String)&amp#27;[0m
  &amp#27;[32m* &amp#27;[0m&amp#27;[32ma blog named &amp#27;[0m&amp#27;[32m&amp#27;[1m"Greg's anti-tax rants"&amp#27;[0m         &amp#27;[90m# hellocucumber.failed.StepDefinitions.a_blog_named(java.lang.String)&amp#27;[0m
  &amp#27;[32m* &amp#27;[0m&amp#27;[32ma customer named &amp#27;[0m&amp#27;[32m&amp#27;[1m"Wilson"&amp#27;[0m                    &amp#27;[90m# hellocucumber.failed.StepDefinitions.a_customer_named(java.lang.String)&amp#27;[0m
  &amp#27;[31mGiven &amp#27;[0m&amp#27;[31mthe cow weighs &amp#27;[0m&amp#27;[31m&amp#27;[1m500&amp#27;[0m&amp#27;[31m kg&amp#27;[0m                    &amp#27;[90m# hellocucumber.failed.StepDefinitions.the_cow_weighs_kg(java.lang.Integer)&amp#27;[0m
      &amp#27;[31mjava.lang.RuntimeException: error when weight 500
	at hellocucumber.failed.StepDefinitions.the_cow_weighs_kg(StepDefinitions.java:56)
	at âœ½.the cow weighs 500 kg(file:///C:/junit2octane/src/test/resources/features/robustgherkin.feature:51)
&amp#27;[0m
  &amp#27;[36mWhen &amp#27;[0m&amp#27;[36mwe calculate the feeding requirements&amp#27;[0m     &amp#27;[90m# hellocucumber.failed.StepDefinitions.we_calculate_the_feeding_requirements()&amp#27;[0m
  &amp#27;[36mThen &amp#27;[0m&amp#27;[36mthe energy should be &amp#27;[0m&amp#27;[36m&amp#27;[1m29500&amp#27;[0m&amp#27;[36m MJ&amp#27;[0m             &amp#27;[90m# hellocucumber.failed.StepDefinitions.the_energy_should_be_mj(java.lang.Integer)&amp#27;[0m
]]></system-out>
  </testcase>
</testsuite>