<?xml version="1.0" encoding="UTF-8" ?>
<testsuite tests="4" failures="4" name="hellocucumber.failed.RunCucumberTest" time="0.135" errors="0" skipped="0">
  <properties>
[...]
</properties>
  <testcase classname="Some terse yet descriptive text of what is desired like bla bla" name="Some determinable business situation" time="0.124">
    <failure type="java.lang.AssertionError">java.lang.AssertionError
	at org.junit.Assert.fail(Assert.java:87)
	at org.junit.Assert.assertTrue(Assert.java:42)
	at org.junit.Assert.assertTrue(Assert.java:53)
	at hellocucumber.failed.StepDefinitions.the_following_people_exist(StepDefinitions.java:12)
	at ✽.the following people exist:(file:///C:/junit2octane/src/test/resources/features/robustgherkin.feature:14)
</failure>
  </testcase>
    <testcase classname="Some terse yet descriptive text of what is desired like bla bla" name="Some another scenario 2" time="0.005">
        <error message="error" type="java.lang.Exception">java.lang.Exception: error
            at hellocucumber.failed.StepDefinitions.some_precondition(StepDefinitions.java:23)
            at ✽.some precondition(file:///C:/junit2octane/src/test/resources/features/robustgherkin.feature:30)
        </error>
    </testcase>
  <testcase classname="Some terse yet descriptive text of what is desired like bla bla" name="feeding a cow cow1 yum yum yum" time="0.003">
    <failure type="java.lang.AssertionError">java.lang.AssertionError
	at org.junit.Assert.fail(Assert.java:87)
	at org.junit.Assert.assertTrue(Assert.java:42)
	at org.junit.Assert.assertTrue(Assert.java:53)
	at hellocucumber.failed.StepDefinitions.we_calculate_the_feeding_requirements(StepDefinitions.java:57)
	at ✽.we calculate the feeding requirements(file:///C:/junit2octane/src/test/resources/features/robustgherkin.feature:43)
</failure>
  </testcase>
  <testcase classname="Some terse yet descriptive text of what is desired like bla bla" name="feeding a cow cow2 yum yum yum" time="0.006">
    <error message="error when weight 500" type="java.lang.RuntimeException">java.lang.RuntimeException: error when weight 500
      at hellocucumber.failed.StepDefinitions.the_cow_weighs_kg(StepDefinitions.java:55)
      at ✽.the cow weighs 500 kg(file:///C:/junit2octane/src/test/resources/features/robustgherkin.feature:51)
    </error>
  </testcase>
</testsuite>