<?xml version="1.0" encoding="UTF-8" ?>
<testsuite tests="10" failures="2" name="MyTest" time="0.016" errors="0" skipped="2">
  <properties>
    <property name="idea.version" value="2022.3.1"/>
    <property name="java.runtime.name" value="OpenJDK Runtime Environment"/>
    <property name="java.vm.version" value="11.0.11+9"/>
    <property name="sun.boot.library.path" value="C:\Program Files\AdoptOpenJDK\bin"/>
    <property name="maven.multiModuleProjectDirectory" value="C:\Program Files\Jenkins\.jenkins\workspace\BddInjectionFileSystem"/>
    <property name="java.vm.vendor" value="AdoptOpenJDK"/>
    <property name="java.vendor.url" value="https://adoptopenjdk.net/"/>
    <property name="guice.disable.misplaced.annotation.check" value="true"/>
    <property name="path.separator" value=";"/>
    <property name="java.vm.name" value="OpenJDK 64-Bit Server VM"/>
    <property name="sun.os.patch.level" value=""/>
    <property name="user.script" value=""/>
    <property name="user.country" value="US"/>
    <property name="sun.java.launcher" value="SUN_STANDARD"/>
    <property name="java.vm.specification.name" value="Java Virtual Machine Specification"/>
    <property name="user.dir" value="C:\Program Files\Jenkins\.jenkins\workspace\BddInjectionFileSystem"/>
    <property name="java.vm.compressedOopsMode" value="Zero based"/>
    <property name="java.runtime.version" value="11.0.11+9"/>
    <property name="java.awt.graphicsenv" value="sun.awt.Win32GraphicsEnvironment"/>
    <property name="os.arch" value="amd64"/>
    <property name="java.io.tmpdir" value="C:\Users\NShitrit\AppData\Local\Temp\"/>
    <property name="line.separator" value="
"/>
    <property name="java.vm.specification.vendor" value="Oracle Corporation"/>
    <property name="user.variant" value=""/>
    <property name="os.name" value="Windows 10"/>
    <property name="maven.ext.class.path" value="C:\Program Files\JetBrains\IntelliJ IDEA 2020.2.3\plugins\maven\lib\maven-event-listener.jar"/>
    <property name="classworlds.conf" value="C:\Program Files\JetBrains\IntelliJ IDEA 2020.2.3\plugins\maven\lib\maven3\bin\m2.conf"/>
    <property name="sun.jnu.encoding" value="Cp1252"/>
    <property name="java.library.path" value="C:\Program Files\AdoptOpenJDK\bin;C:\WINDOWS\Sun\Java\bin;C:\WINDOWS\system32;C:\WINDOWS;C:\Program Files\AdoptOpenJDK\bin;C:\Program Files (x86)\Common Files\Oracle\Java\javapath;C:\WINDOWS\system32;C:\WINDOWS;C:\WINDOWS\System32\Wbem;C:\WINDOWS\System32\WindowsPowerShell\v1.0\;C:\WINDOWS\System32\OpenSSH\;C:\ProgramData\chocolatey\bin;C:\Program Files (x86)\Yarn\bin\;C:\tools\elasticsearch-7.17.6\bin;C:\Program Files\PostgreSQL\11\bin;C:\Program Files\Microsoft SQL Server\Client SDK\ODBC\170\Tools\Binn\;C:\Program Files (x86)\Microsoft SQL Server\150\Tools\Binn\;C:\Program Files\Microsoft SQL Server\150\Tools\Binn\;C:\Program Files\Microsoft SQL Server\150\DTS\Binn\;C:\Program Files (x86)\Microsoft SQL Server\150\DTS\Binn\;C:\Program Files\Azure Data Studio\bin;C:\Program Files\TortoiseSVN\bin;C:\Program Files (x86)\dotnet\;C:\Program Files (x86)\Micro Focus\UFT One\bin;C:\Program Files\Novell\iPrint;C:\Program Files (x86)\Pulse Secure\VC142.CRT\X64\;C:\Program Files (x86)\Pulse Secure\VC142.CRT\X86\;C:\Program Files\nodejs\;C:\Program Files\TortoiseGit\bin;C:\Users\NShitrit\AppData\Local\Programs\Rancher Desktop\resources\resources\win32\bin;C:\Program Files (x86)\Symantec\VIP Access Client\;C:\Program Files\Git\cmd;C:\Program Files (x86)\Common Files\Pulse Secure\TNC Client Plugin\;C:\Program Files\Rancher Desktop\resources\resources\win32\bin\;C:\Program Files\Rancher Desktop\resources\resources\linux\bin\;C:\Users\NShitrit\AppData\Local\Microsoft\WindowsApps;C:\Users\NShitrit\AppData\Local\Yarn\bin;C:\Program Files\Azure Data Studio\bin;C:\Users\NShitrit\AppData\Roaming\npm;C:\Users\NShitrit\MicrosoftVSCode\bin;."/>
    <property name="jansi.passthrough" value="true"/>
    <property name="maven.conf" value="C:\Program Files\JetBrains\IntelliJ IDEA 2020.2.3\plugins\maven\lib\maven3/conf"/>
    <property name="jdk.debug" value="release"/>
    <property name="java.class.version" value="55.0"/>
    <property name="java.specification.name" value="Java Platform API Specification"/>
    <property name="sun.management.compiler" value="HotSpot 64-Bit Tiered Compilers"/>
    <property name="os.version" value="10.0"/>
    <property name="user.home" value="C:\Users\NShitrit"/>
    <property name="user.timezone" value="Asia/Jerusalem"/>
    <property name="java.awt.printerjob" value="sun.awt.windows.WPrinterJob"/>
    <property name="file.encoding" value="UTF-8"/>
    <property name="java.specification.version" value="11"/>
    <property name="user.name" value="NShitrit"/>
    <property name="java.class.path" value="C:\Program Files\JetBrains\IntelliJ IDEA 2020.2.3\plugins\maven\lib\maven3\boot\plexus-classworlds-2.6.0.jar;C:\Program Files\JetBrains\IntelliJ IDEA 2020.2.3\plugins\maven\lib\maven3\boot\plexus-classworlds.license"/>
    <property name="java.vm.specification.version" value="11"/>
    <property name="sun.arch.data.model" value="64"/>
    <property name="sun.java.command" value="org.codehaus.classworlds.Launcher -Didea.version=2022.3.1 clean test"/>
    <property name="java.home" value="C:\Program Files\AdoptOpenJDK"/>
    <property name="user.language" value="en"/>
    <property name="java.specification.vendor" value="Oracle Corporation"/>
    <property name="awt.toolkit" value="sun.awt.windows.WToolkit"/>
    <property name="java.vm.info" value="mixed mode"/>
    <property name="java.version" value="11.0.11"/>
    <property name="java.vendor" value="AdoptOpenJDK"/>
    <property name="maven.home" value="C:\Program Files\JetBrains\IntelliJ IDEA 2020.2.3\plugins\maven\lib\maven3"/>
    <property name="file.separator" value="\"/>
    <property name="java.version.date" value="2021-04-20"/>
    <property name="java.vendor.url.bug" value="https://github.com/AdoptOpenJDK/openjdk-support/issues"/>
    <property name="sun.io.unicode.encoding" value="UnicodeLittle"/>
    <property name="sun.cpu.endian" value="little"/>
    <property name="java.vendor.version" value="AdoptOpenJDK-11.0.11+9"/>
    <property name="sun.desktop" value="windows"/>
    <property name="sun.cpu.isalist" value="amd64"/>
  </properties>
  <testcase classname="Approve" name="ApproveScenario1" time="0.008"/>
  <testcase classname="Approve" name="Approve" time="0.002">
    <skipped/>
  </testcase>
  <testcase classname="Approve" name="Online" time="0.002"/>
  <testcase classname="Approve" name="Online" time="0"/>
  <testcase classname="Approve" name="Online" time="0"/>
  <testcase classname="Approve" name="Online" time="0.003">
    <failure message="expected:&lt;1&gt; but was:&lt;2&gt;" type="java.lang.AssertionError">java.lang.AssertionError: expected:&lt;1&gt; but was:&lt;2&gt;
	at org.junit.Assert.fail(Assert.java:88)
	at org.junit.Assert.failNotEquals(Assert.java:834)
	at org.junit.Assert.assertEquals(Assert.java:645)
	at org.junit.Assert.assertEquals(Assert.java:631)
	at MyStepdefs.some(MyStepdefs.java:29)
	at ✽.3(file:src/test/resources/features/Check%20Account%20Approve.feature:22)
</failure>
    <system-out>some: 6
some: 3
</system-out>
  </testcase>
  <testcase classname="apscen21" name="app11" time="0"/>
  <testcase classname="apscen21" name="sda11" time="0.001">
    <failure message="expected:&lt;1&gt; but was:&lt;2&gt;" type="java.lang.AssertionError">java.lang.AssertionError: expected:&lt;1&gt; but was:&lt;2&gt;
	at org.junit.Assert.fail(Assert.java:88)
	at org.junit.Assert.failNotEquals(Assert.java:834)
	at org.junit.Assert.assertEquals(Assert.java:645)
	at org.junit.Assert.assertEquals(Assert.java:631)
	at MyStepdefs.some(MyStepdefs.java:29)
	at ✽.1(file:src/test/resources/features/Check%20Account%20app.feature:15)
</failure>
    <system-out>some: 1
</system-out>
  </testcase>
  <testcase classname="apscen21" name="sda11" time="0"/>
  <testcase classname="apscen21" name="sda11" time="0">
    <skipped/>
  </testcase>
</testsuite>