<?xml version="1.0" encoding="UTF-8" ?>
<testsuite tests="10" failures="2" name="MyTest" time="0.016" errors="0" skipped="2">
  <properties>
[...]
</properties>
  <testcase classname="Approve" name="ApproveScenario1" time="0.008"/>
  <testcase classname="Approve" name="Approve" time="0.002">
    <skipped/>
  </testcase>
  <testcase classname="Approve" name="Online" time="0.002"/>
  <testcase classname="Approve" name="Online" time="0"/>
  <testcase classname="Approve" name="Online" time="0"/>
  <testcase classname="Approve" name="Online" time="0.003">
    <failure message="expected:&lt;1&gt; but was:&lt;2&gt;" type="java.lang.AssertionError">java.lang.AssertionError: expected:&lt;1&gt; but was:&lt;2&gt;
	at org.junit.Assert.fail(Assert.java:88)
	at org.junit.Assert.failNotEquals(Assert.java:834)
	at org.junit.Assert.assertEquals(Assert.java:645)
	at org.junit.Assert.assertEquals(Assert.java:631)
	at MyStepdefs.some(MyStepdefs.java:29)
	at ✽.3(file:src/test/resources/features/Check%20Account%20Approve.feature:22)
</failure>
    <system-out>some: 6
some: 3
</system-out>
  </testcase>
  <testcase classname="apscen21" name="app11" time="0"/>
  <testcase classname="apscen21" name="sda11" time="0.001">
    <failure message="expected:&lt;1&gt; but was:&lt;2&gt;" type="java.lang.AssertionError">java.lang.AssertionError: expected:&lt;1&gt; but was:&lt;2&gt;
	at org.junit.Assert.fail(Assert.java:88)
	at org.junit.Assert.failNotEquals(Assert.java:834)
	at org.junit.Assert.assertEquals(Assert.java:645)
	at org.junit.Assert.assertEquals(Assert.java:631)
	at MyStepdefs.some(MyStepdefs.java:29)
	at ✽.1(file:src/test/resources/features/Check%20Account%20app.feature:15)
</failure>
    <system-out>some: 1
</system-out>
  </testcase>
  <testcase classname="apscen21" name="sda11" time="0"/>
  <testcase classname="apscen21" name="sda11" time="0">
    <skipped/>
  </testcase>
</testsuite>