<?xml version="1.0" encoding="UTF-8" ?>
<testsuite tests="4" failures="0" name="com.czeczotka.bdd.runner.RunCalculatorTest" time="0.109" errors="0" skipped="0">
  <properties>
[...]
</properties>
  <testcase classname="EMPTY_NAME" name="Some determinable business situation (empty feature name)" time="0.047"/>
  <testcase classname="EMPTY_NAME" name="Some another scenario 2 (empty feature name)" time="0.021"/>
  <testcase classname="EMPTY_NAME" name="feeding a cow cow1 yum yum yum (empty feature name)" time="0.031"/>
  <testcase classname="EMPTY_NAME" name="feeding a cow cow2 yum yum yum (empty feature name)" time="0.01"/>
</testsuite>